<?xml version="1.0" encoding="UTF-8"?>
<!-- Generated by org.testng.reporters.JUnitXMLReporter -->
<testsuite ignored="0" hostname="Mayuri-Dasri14" failures="1" tests="5" name="TestOne" time="11.765" errors="0" timestamp="2024-05-25T19:49:50 IST">
  <testcase classname="TestPackage.classOne" name="methodOne" time="0.015"/>
  <testcase classname="TestPackage.classOne" name="methodThree" time="0.018"/>
  <testcase classname="TestPackage.classOne" name="methodTwo" time="0.009"/>
  <testcase classname="TestPackage.Login" name="loginWithValidCredentials" time="3.285"/>
  <testcase classname="TestPackage.LoginWithDataProvider" name="loginWithValidCredinatals" time="0.0">
    <failure type="org.testng.TestNGException" message="
Method public void TestPackage.LoginWithDataProvider.loginWithValidCredinatals(java.lang.String,java.lang.String) requires a @DataProvider named : loginData">
      <![CDATA[org.testng.TestNGException: 
Method public void TestPackage.LoginWithDataProvider.loginWithValidCredinatals(java.lang.String,java.lang.String) requires a @DataProvider named : loginData
at java.base/java.util.ArrayList.forEach(ArrayList.java:1511)
... Removed 24 stack frames]]>
    </failure>
  </testcase> <!-- loginWithValidCredinatals -->
</testsuite> <!-- TestOne -->
